<?xml version="1.0" encoding="UTF-8"?><testsuite errors="1" failures="0" name="Formulario Popup Validation" skipped="0" tests="1" time="48.93" timestamp="2020-05-08T17:36:15.185-05:00[America/Bogota]"><testcase name="Digilenciamiento con errores del formulario Popup Validation,"><error message="Cannot locate element with text: choosse a sport&#10;For documentation on this error, please visit: http://seleniumhq.org/exceptions/no_such_element.html&#10;Build info: version: '3.5.2', revision: '10229a9', time: '2017-08-21T17:29:55.15Z'&#10;System info: host: 'LAPTOP-NPPA3HE5', ip: '192.168.100.8', os.name: 'Windows 10', os.arch: 'amd64', os.version: '10.0', java.version: '1.8.0_251'&#10;Driver info: driver.version: unknown&#10;For documentation on this error, please visit: http://seleniumhq.org/exceptions/no_such_element.html&#10;Build info: version: '3.5.2', revision: '10229a9', time: '2017-08-21T17:29:55.15Z'&#10;System info: host: 'LAPTOP-NPPA3HE5', ip: '192.168.100.8', os.name: 'Windows 10', os.arch: 'amd64', os.version: '10.0', java.version: '1.8.0_251'&#10;Driver info: driver.version: unknown" type="org.openqa.selenium.NoSuchElementException">Cannot locate element with text: choosse a sport
For documentation on this error, please visit: http://seleniumhq.org/exceptions/no_such_element.html
Build info: version: '3.5.2', revision: '10229a9', time: '2017-08-21T17:29:55.15Z'
System info: host: 'LAPTOP-NPPA3HE5', ip: '192.168.100.8', os.name: 'Windows 10', os.arch: 'amd64', os.version: '10.0', java.version: '1.8.0_251'
Driver info: driver.version: unknown
For documentation on this error, please visit: http://seleniumhq.org/exceptions/no_such_element.html
Build info: version: '3.5.2', revision: '10229a9', time: '2017-08-21T17:29:55.15Z'
System info: host: 'LAPTOP-NPPA3HE5', ip: '192.168.100.8', os.name: 'Windows 10', os.arch: 'amd64', os.version: '10.0', java.version: '1.8.0_251'
Driver info: driver.version: unknown</error><system-err>Cannot locate element with text: choosse a sport
For documentation on this error, please visit: http://seleniumhq.org/exceptions/no_such_element.html
Build info: version: '3.5.2', revision: '10229a9', time: '2017-08-21T17:29:55.15Z'
System info: host: 'LAPTOP-NPPA3HE5', ip: '192.168.100.8', os.name: 'Windows 10', os.arch: 'amd64', os.version: '10.0', java.version: '1.8.0_251'
Driver info: driver.version: unknown
For documentation on this error, please visit: http://seleniumhq.org/exceptions/no_such_element.html
Build info: version: '3.5.2', revision: '10229a9', time: '2017-08-21T17:29:55.15Z'
System info: host: 'LAPTOP-NPPA3HE5', ip: '192.168.100.8', os.name: 'Windows 10', os.arch: 'amd64', os.version: '10.0', java.version: '1.8.0_251'
Driver info: driver.version: unknown&#13;
com.choucair.formacion.pageobjects.ColorlibFormValidationPage.Select_Sport(ColorlibFormValidationPage.java:83)&#13;
com.choucair.formacion.steps.ColorlibFormValidationSteps.diligenciar_popup_datos_tabla(ColorlibFormValidationSteps.java:17)&#13;
com.choucair.formacion.definition.PopupValidationDefinition.diligencio_Formulario_Popup_Validation(PopupValidationDefinition.java:37)&#13;
✽.When Diligencio Formulario Popup Validation(src/test/resources/features/Colorlib/Forms/PopupValidation.feature:43)&#13;
</system-err></testcase></testsuite>